17:50:32 [03085D87BE651C03]	mode = std_boss_team_25122023 ID = 7316511866825111653 Param = macro_tabs.TAB_DATA
17:50:32 [03085D87BE651C03]	mode = std_boss_team_25122023 ID = 7316511866825111653 Param = macro_tabs.__service__zones

17:50:32 [03085D87BE651C03]	mode = std_boss_team_25122023 ID = 7316511866825111653 Param = macro_tabs.__service__stack_type

17:50:32 [03085D87BE651C03]	mode = std_boss_team_25122023 ID = 7316511866825111653 Param = macro_tabs.items

17:50:32 [03085D87BE651C03]	mode = std_boss_team_25122023 ID = 7316511866825111653 Param = macro_tabs.TAB_VIEW

17:50:32 [03085D87BE651C03]	mode = std_boss_team_25122023 ID = 7316511866825111653 Param = macro_tabs.layout_type

17:50:32 [03085D87BE651C03]	mode = std_boss_team_25122023 ID = 7316511866825111653 Param = macro_tabs.color_bg
17:50:32 [03085D87BE651C03]	mode = std_boss_team_25122023 ID = 7316511866825111653 Param = macro_tabs.use_bg

17:50:32 [03085D87BE651C03]	mode = std_boss_team_25122023 ID = 7316511866825111653 Param = macro_tabs.color_mask
17:50:32 [03085D87BE651C03]	mode = std_boss_team_25122023 ID = 7316511866825111653 Param = macro_tabs.opacity_mask
17:50:32 [03085D87BE651C03]	mode = std_boss_team_25122023 ID = 7316511866825111653 Param = macro_tabs.is_bg_pagewide
17:50:32 [03085D87BE651C03]	mode = std_boss_team_25122023 ID = 7316511866825111653 Param = macro_tabs.use_workarea
17:50:32 [03085D87BE651C03]	mode = std_boss_team_25122023 ID = 7316511866825111653 Param = macro_tabs.color_workarea
17:50:32 [03085D87BE651C03]	mode = std_boss_team_25122023 ID = 7316511866825111653 Param = macro_tabs.opacity_workarea
17:50:32 [03085D87BE651C03]	mode = std_boss_team_25122023 ID = 7316511866825111653 Param = macro_tabs.is_rounded
17:50:32 [03085D87BE651C03]	mode = std_boss_team_25122023 ID = 7316511866825111653 Param = macro_tabs.use_shadow
17:50:32 [03085D87BE651C03]	mode = std_boss_team_25122023 ID = 7316511866825111653 Param = macro_tabs.FOLDER_VIEW
17:50:32 [03085D87BE651C03]	mode = std_boss_team_25122023 ID = 7316511866825111653 Param = macro_tabs.FOLDER_PADDING
17:50:32 [03085D87BE651C03]	mode = std_boss_team_25122023 ID = 7316511866825111653 Param = macro_tabs.padding_left
17:50:32 [03085D87BE651C03]	mode = std_boss_team_25122023 ID = 7316511866825111653 Param = macro_tabs.padding_right
17:50:32 [03085D87BE651C03]	mode = std_boss_team_25122023 ID = 7316511866825111653 Param = macro_tabs.padding_top
17:50:32 [03085D87BE651C03]	mode = std_boss_team_25122023 ID = 7316511866825111653 Param = macro_tabs.padding_bottom
17:50:32 [03085D87BE651C03]	mode = std_boss_team_25122023 ID = 7316511866825111653 Param = macro_tabs.FOLDER_TABS
17:50:32 [03085D87BE651C03]	mode = std_boss_team_25122023 ID = 7316511866825111653 Param = macro_tabs.file_bg
17:50:32 [03085D87BE651C03]	mode = std_boss_team_25122023 ID = 7316511866825111653 Param = macro_tabs.FOLDER_BLOCK
17:50:32 [03085D87BE651C03]	mode = std_boss_team_25122023 ID = 7316511866825111653 Param = macro_tabs.tab_width
17:50:32 [03085D87BE651C03]	mode = std_boss_team_25122023 ID = 7316511866825111653 Param = macro_tabs.use_bg_block
17:50:32 [03085D87BE651C03]	mode = std_boss_team_25122023 ID = 7316511866825111653 Param = macro_tabs.color_bg_block
17:50:32 [03085D87BE651C03]	mode = std_boss_team_25122023 ID = 7316511866825111653 Param = macro_tabs.use_block_shadow
17:50:32 [03085D87BE651C03]	mode = std_boss_team_25122023 ID = 7316511866825111653 Param = macro_tabs.use_border_block
17:50:32 [03085D87BE651C03]	mode = std_boss_team_25122023 ID = 7316511866825111653 Param = macro_tabs.color_border_block
17:50:32 [03085D87BE651C03]	mode = std_boss_team_25122023 ID = 7316511866825111653 Param = macro_tabs.border_block_width
17:50:32 [03085D87BE651C03]	mode = std_boss_team_25122023 ID = 7316511866825111653 Param = macro_tabs.is_block_rounded
17:50:32 [03085D87BE651C03]	mode = std_boss_team_25122023 ID = 7316511866825111653 Param = macro_tabs.use_bg_workarea
17:50:32 [03085D87BE651C03]	mode = std_boss_team_25122023 ID = 7316511866825111653 Param = macro_tabs.use_border_workarea
17:50:32 [03085D87BE651C03]	mode = std_boss_team_25122023 ID = 7316511866825111653 Param = macro_tabs.color_border_workarea
17:50:32 [03085D87BE651C03]	mode = std_boss_team_25122023 ID = 7316511866825111653 Param = macro_tabs.border_workarea_width
17:50:32 [03085D87BE651C03]	mode = std_boss_team_25122023 ID = 7316511866825111653 Param = macro_tabs.use_bg_tab
17:50:32 [03085D87BE651C03]	mode = std_boss_team_25122023 ID = 7316511866825111653 Param = macro_tabs.color_bg_tab
17:50:32 [03085D87BE651C03]	mode = std_boss_team_25122023 ID = 7316511866825111653 Param = macro_tabs.color_bg_tab_selected
17:50:32 [03085D87BE651C03]	mode = std_boss_team_25122023 ID = 7316511866825111653 Param = macro_tabs.color_bg_tab_hover
17:50:32 [03085D87BE651C03]	mode = std_boss_team_25122023 ID = 7316511866825111653 Param = macro_tabs.out_margin
17:50:32 [03085D87BE651C03]	mode = std_boss_team_25122023 ID = 7316511866825111653 Param = macro_tabs.use_border_tab
17:50:32 [03085D87BE651C03]	mode = std_boss_team_25122023 ID = 7316511866825111653 Param = macro_tabs.bottom_border_tab
17:50:32 [03085D87BE651C03]	mode = std_boss_team_25122023 ID = 7316511866825111653 Param = macro_tabs.color_border_tab
17:50:32 [03085D87BE651C03]	mode = std_boss_team_25122023 ID = 7316511866825111653 Param = macro_tabs.color_border_tab_hover
17:50:32 [03085D87BE651C03]	mode = std_boss_team_25122023 ID = 7316511866825111653 Param = macro_tabs.color_border_tab_selected
17:50:32 [03085D87BE651C03]	mode = std_boss_team_25122023 ID = 7316511866825111653 Param = macro_tabs.border_tab_width
17:50:32 [03085D87BE651C03]	mode = std_boss_team_25122023 ID = 7316511866825111653 Param = macro_tabs.unify_tabs
17:50:32 [03085D87BE651C03]	mode = std_boss_team_25122023 ID = 7316511866825111653 Param = macro_tabs.font_family
17:50:32 [03085D87BE651C03]	mode = std_boss_team_25122023 ID = 7316511866825111653 Param = macro_tabs.font_family_custom
17:50:32 [03085D87BE651C03]	mode = std_boss_team_25122023 ID = 7316511866825111653 Param = macro_tabs.font_size
17:50:32 [03085D87BE651C03]	mode = std_boss_team_25122023 ID = 7316511866825111653 Param = macro_tabs.font_weight
17:50:32 [03085D87BE651C03]	mode = std_boss_team_25122023 ID = 7316511866825111653 Param = macro_tabs.font_style
17:50:32 [03085D87BE651C03]	mode = std_boss_team_25122023 ID = 7316511866825111653 Param = macro_tabs.color_font
17:50:32 [03085D87BE651C03]	mode = std_boss_team_25122023 ID = 7316511866825111653 Param = macro_tabs.color_font_hover
17:50:32 [03085D87BE651C03]	mode = std_boss_team_25122023 ID = 7316511866825111653 Param = macro_tabs.color_font_selected
17:50:32 [03085D87BE651C03]	mode = std_boss_team_25122023 ID = 7316511866825111653 Param = macro_tabs.tab_type
17:50:32 [03085D87BE651C03]	mode = std_boss_team_25122023 ID = 7316511866825111653 Param = macro_tabs.FOLDER_TABS_PARAMS
17:50:32 [03085D87BE651C03]	mode = std_boss_team_25122023 ID = 7316511866825111653 Param = macro_tabs.is_accordeon
17:50:32 [03085D87BE651C03]	mode = std_boss_team_25122023 ID = 7316511866825111653 Param = macro_tabs.custom_css_class
17:50:32 [03085D87BE651C03]	mode = std_boss_team_25122023 ID = 7316511866825111653 Param = macro_tabs.anchor_top
17:50:32 [03085D87BE651C03]	mode = std_boss_team_25122023 ID = 7316511866825111653 Param = macro_tabs.anchor_bottom
17:50:32 [03085D87BE651C03]	mode = std_boss_team_25122023 ID = 7316511866825111653 Param = macro_tabs.__PARAM_SET__
17:50:32 [03085D87BE651C03]	mode = std_boss_team_25122023 ID = 7316511866825111653 Param = macro_tabs.custom_css_style
17:50:32 [03085D87BE651C03]	mode = std_boss_team_25122023 ID = 7316511866825111653 Param = macro_tabs.has_tab_wide_bg
17:50:32 [03085D87BE651C03]	mode = std_boss_team_25122023 ID = 7316511866825111653 Param = macro_tabs.color_tab_wide_bg
17:50:32 [03085D87BE651C03]	mode = std_boss_team_25122023 ID = 7316511866825111653 Param = macro_tabs.has_page_wide_bg
17:50:32 [03085D87BE651C03]	mode = std_boss_team_25122023 ID = 7316511866825111653 Param = macro_tabs.color_page_wide_bg
17:50:32 [03085D87BE651C03]	mode = std_boss_team_25122023 ID = 7316511866825111653 Param = macro_tabs.page_padding_left
17:50:32 [03085D87BE651C03]	mode = std_boss_team_25122023 ID = 7316511866825111653 Param = macro_tabs.page_padding_right
17:50:32 [03085D87BE651C03]	mode = std_boss_team_25122023 ID = 7316511866825111653 Param = macro_tabs.page_padding_top
17:50:32 [03085D87BE651C03]	mode = std_boss_team_25122023 ID = 7316511866825111653 Param = macro_tabs.page_padding_bottom
17:50:32 [03085D87BE651C03]	mode = std_boss_team_25122023 ID = 7316511866825111653 Param = macro_tabs.use_switch
17:50:32 [03085D87BE651C03]	mode = std_boss_team_25122023 ID = 7316511866825111653 Param = macro_tabs.FOLDER_SWITCH
17:50:32 [03085D87BE651C03]	mode = std_boss_team_25122023 ID = 7316511866825111653 Param = macro_tabs.switch_text_collapse
17:50:32 [03085D87BE651C03]	mode = std_boss_team_25122023 ID = 7316511866825111653 Param = macro_tabs.switch_text_expand
17:50:32 [03085D87BE651C03]	mode = std_boss_team_25122023 ID = 7316511866825111653 Param = macro_tabs.switch_symbol
17:50:32 [03085D87BE651C03]	mode = std_boss_team_25122023 ID = 7316511866825111653 Param = macro_tabs.switch_align
17:50:32 [03085D87BE651C03]	mode = std_boss_team_25122023 ID = 7316511866825111653 Param = macro_tabs.switch_symbol_position
17:50:32 [03085D87BE651C03]	mode = std_boss_team_25122023 ID = 7316511866825111653 Param = macro_tabs.switch_font_family
17:50:32 [03085D87BE651C03]	mode = std_boss_team_25122023 ID = 7316511866825111653 Param = macro_tabs.switch_font_family_custom
17:50:32 [03085D87BE651C03]	mode = std_boss_team_25122023 ID = 7316511866825111653 Param = macro_tabs.switch_font_size
17:50:32 [03085D87BE651C03]	mode = std_boss_team_25122023 ID = 7316511866825111653 Param = macro_tabs.switch_font_weight
17:50:32 [03085D87BE651C03]	mode = std_boss_team_25122023 ID = 7316511866825111653 Param = macro_tabs.switch_font_style
17:50:32 [03085D87BE651C03]	mode = std_boss_team_25122023 ID = 7316511866825111653 Param = macro_tabs.color_switch_font
17:50:32 [03085D87BE651C03]	mode = std_boss_team_25122023 ID = 7316511866825111653 Param = macro_tabs.color_switch_font_hover
17:50:32 [03085D87BE651C03]	mode = std_boss_team_25122023 ID = 7316511866825111653 Param = macro_tabs.switch_has_bg
17:50:32 [03085D87BE651C03]	mode = std_boss_team_25122023 ID = 7316511866825111653 Param = macro_tabs.color_switch_bg
17:50:32 [03085D87BE651C03]	mode = std_boss_team_25122023 ID = 7316511866825111653 Param = macro_tabs.color_switch_bg_hover
17:50:32 [03085D87BE651C03]	mode = std_boss_team_25122023 ID = 7316511866825111653 Param = macro_tabs.switch_has_border
17:50:32 [03085D87BE651C03]	mode = std_boss_team_25122023 ID = 7316511866825111653 Param = macro_tabs.switch_border_bottom_only
17:50:32 [03085D87BE651C03]	mode = std_boss_team_25122023 ID = 7316511866825111653 Param = macro_tabs.color_switch_border
17:50:32 [03085D87BE651C03]	mode = std_boss_team_25122023 ID = 7316511866825111653 Param = macro_tabs.color_switch_border_hover
17:50:32 [03085D87BE651C03]	mode = std_boss_team_25122023 ID = 7316511866825111653 Param = macro_tabs.switch_border_width
17:50:32 [03085D87BE651C03]	mode = std_boss_team_25122023 ID = 7316511866825111653 Param = macro_tabs.switch_is_rounded
17:50:32 [03085D87BE651C03]	mode = std_boss_team_25122023 ID = 7316511866825111653 Param = macro_tabs.switch_padding_left
17:50:32 [03085D87BE651C03]	mode = std_boss_team_25122023 ID = 7316511866825111653 Param = macro_tabs.switch_padding_right
17:50:32 [03085D87BE651C03]	mode = std_boss_team_25122023 ID = 7316511866825111653 Param = macro_tabs.switch_padding_top
17:50:32 [03085D87BE651C03]	mode = std_boss_team_25122023 ID = 7316511866825111653 Param = macro_tabs.switch_padding_bottom
17:50:32 [03085D87BE651C03]	mode = std_boss_team_25122023 ID = 7316511866825111653 Param = macro_tabs.switch_margin
17:50:32 [03085D87BE651C03]	mode = std_boss_team_25122023 ID = 7316511866825111653 Param = macro_tabs.__service__use_font_control
17:50:32 [03085D87BE651C03]	mode = std_boss_team_25122023 ID = 7316511866825111653 Param = macro_tabs.use_slide_effect
17:50:32 [03085D87BE651C03]	mode = std_boss_team_25122023 ID = 7316511866825111653 Param = macro_tabs.collapsed
17:50:32 [03085D87BE651C03]	mode = std_boss_team_25122023 ID = 7316511867254827025 Param = block_itemlist.TAB_DATA
17:50:32 [03085D87BE651C03]	mode = std_boss_team_25122023 ID = 7316511867254827025 Param = block_itemlist.__data_external
17:50:32 [03085D87BE651C03]	mode = std_boss_team_25122023 ID = 7316511867254827025 Param = block_itemlist.FOLDER_EXTERNAL
17:50:32 [03085D87BE651C03]	mode = std_boss_team_25122023 ID = 7316511867254827025 Param = block_itemlist.collection_type
17:50:32 [03085D87BE651C03]	mode = std_boss_team_25122023 ID = 7316511867254827025 Param = block_itemlist.__collection__
17:50:32 [03085D87BE651C03]	mode = std_boss_team_25122023 ID = 7316511867254827025 Param = block_itemlist.collection_common
17:50:32 [03085D87BE651C03]	mode = std_boss_team_25122023 ID = 7316511867254827025 Param = block_itemlist.FOLDER_COLLECTION_PARAMS
17:50:32 [03085D87BE651C03]	mode = std_boss_team_25122023 ID = 7316511867254827025 Param = block_itemlist.FOLDER_MAPPING
17:50:32 [03085D87BE651C03]	mode = std_boss_team_25122023 ID = 7316511867254827025 Param = block_itemlist.__mapping__image
17:50:32 [03085D87BE651C03]	mode = std_boss_team_25122023 ID = 7316511867254827025 Param = block_itemlist.__mapping__image__value
17:50:32 [03085D87BE651C03]	mode = std_boss_team_25122023 ID = 7316511867254827025 Param = block_itemlist.__mapping__preheader
17:50:32 [03085D87BE651C03]	mode = std_boss_team_25122023 ID = 7316511867254827025 Param = block_itemlist.__mapping__preheader__value
17:50:32 [03085D87BE651C03]	mode = std_boss_team_25122023 ID = 7316511867254827025 Param = block_itemlist.__mapping__header
17:50:32 [03085D87BE651C03]	mode = std_boss_team_25122023 ID = 7316511867254827025 Param = block_itemlist.__mapping__header__value
17:50:32 [03085D87BE651C03]	mode = std_boss_team_25122023 ID = 7316511867254827025 Param = block_itemlist.__mapping__subheader1
17:50:32 [03085D87BE651C03]	mode = std_boss_team_25122023 ID = 7316511867254827025 Param = block_itemlist.__mapping__subheader1__value
17:50:32 [03085D87BE651C03]	mode = std_boss_team_25122023 ID = 7316511867254827025 Param = block_itemlist.__mapping__subheader2
17:50:32 [03085D87BE651C03]	mode = std_boss_team_25122023 ID = 7316511867254827025 Param = block_itemlist.__mapping__subheader2__value
17:50:32 [03085D87BE651C03]	mode = std_boss_team_25122023 ID = 7316511867254827025 Param = block_itemlist.__mapping__rtf_text
17:50:32 [03085D87BE651C03]	mode = std_boss_team_25122023 ID = 7316511867254827025 Param = block_itemlist.__mapping__rtf_text__value
17:50:32 [03085D87BE651C03]	mode = std_boss_team_25122023 ID = 7316511867254827025 Param = block_itemlist.__mapping__button_text1
17:50:32 [03085D87BE651C03]	mode = std_boss_team_25122023 ID = 7316511867254827025 Param = block_itemlist.__mapping__button_text1__value
17:50:32 [03085D87BE651C03]	mode = std_boss_team_25122023 ID = 7316511867254827025 Param = block_itemlist.__mapping__button_url1
17:50:32 [03085D87BE651C03]	mode = std_boss_team_25122023 ID = 7316511867254827025 Param = block_itemlist.__mapping__button_url1__value
17:50:32 [03085D87BE651C03]	mode = std_boss_team_25122023 ID = 7316511867254827025 Param = block_itemlist.__mapping__button_text2
17:50:32 [03085D87BE651C03]	mode = std_boss_team_25122023 ID = 7316511867254827025 Param = block_itemlist.__mapping__button_text2__value
17:50:32 [03085D87BE651C03]	mode = std_boss_team_25122023 ID = 7316511867254827025 Param = block_itemlist.__mapping__button_url2
17:50:32 [03085D87BE651C03]	mode = std_boss_team_25122023 ID = 7316511867254827025 Param = block_itemlist.__mapping__button_url2__value
17:50:32 [03085D87BE651C03]	mode = std_boss_team_25122023 ID = 7316511867254827025 Param = block_itemlist.__mapping__main_url
17:50:32 [03085D87BE651C03]	mode = std_boss_team_25122023 ID = 7316511867254827025 Param = block_itemlist.__mapping__main_url__value
17:50:32 [03085D87BE651C03]	mode = std_boss_team_25122023 ID = 7316511867254827025 Param = block_itemlist.items
17:50:32 [03085D87BE651C03]	mode = std_boss_team_25122023 ID = 7316511867254827025 Param = block_itemlist.FOLDER_LAYOUT
17:50:32 [03085D87BE651C03]	mode = std_boss_team_25122023 ID = 7316511867254827025 Param = block_itemlist.items_in_row
17:50:32 [03085D87BE651C03]	mode = std_boss_team_25122023 ID = 7316511867254827025 Param = block_itemlist.item_align
17:50:32 [03085D87BE651C03]	mode = std_boss_team_25122023 ID = 7316511867254827025 Param = block_itemlist.display_type
17:50:32 [03085D87BE651C03]	mode = std_boss_team_25122023 ID = 7316511867254827025 Param = block_itemlist.FOLDER_BY_ROW
17:50:32 [03085D87BE651C03]	mode = std_boss_team_25122023 ID = 7316511867254827025 Param = block_itemlist.rows_in_part
17:50:32 [03085D87BE651C03]	mode = std_boss_team_25122023 ID = 7316511867254827025 Param = block_itemlist.text_more
17:50:32 [03085D87BE651C03]	mode = std_boss_team_25122023 ID = 7316511867254827025 Param = block_itemlist.more_position
17:50:32 [03085D87BE651C03]	mode = std_boss_team_25122023 ID = 7316511867254827025 Param = block_itemlist.FOLDER_MORE_TEXT
17:50:32 [03085D87BE651C03]	mode = std_boss_team_25122023 ID = 7316511867254827025 Param = block_itemlist.more_font_family
17:50:32 [03085D87BE651C03]	mode = std_boss_team_25122023 ID = 7316511867254827025 Param = block_itemlist.more_font_family_custom
17:50:32 [03085D87BE651C03]	mode = std_boss_team_25122023 ID = 7316511867254827025 Param = block_itemlist.more_font_size
17:50:32 [03085D87BE651C03]	mode = std_boss_team_25122023 ID = 7316511867254827025 Param = block_itemlist.more_font_weight
17:50:32 [03085D87BE651C03]	mode = std_boss_team_25122023 ID = 7316511867254827025 Param = block_itemlist.more_font_style
17:50:32 [03085D87BE651C03]	mode = std_boss_team_25122023 ID = 7316511867254827025 Param = block_itemlist.more_as_button
17:50:32 [03085D87BE651C03]	mode = std_boss_team_25122023 ID = 7316511867254827025 Param = block_itemlist.FOLDER_MORE_BTN
17:50:32 [03085D87BE651C03]	mode = std_boss_team_25122023 ID = 7316511867254827025 Param = block_itemlist.more_btn_has_bg
17:50:32 [03085D87BE651C03]	mode = std_boss_team_25122023 ID = 7316511867254827025 Param = block_itemlist.color_more_btn
17:50:32 [03085D87BE651C03]	mode = std_boss_team_25122023 ID = 7316511867254827025 Param = block_itemlist.color_more_btn_hover
17:50:32 [03085D87BE651C03]	mode = std_boss_team_25122023 ID = 7316511867254827025 Param = block_itemlist.color_more_btn_text
17:50:32 [03085D87BE651C03]	mode = std_boss_team_25122023 ID = 7316511867254827025 Param = block_itemlist.color_more_btn_text_hover
17:50:32 [03085D87BE651C03]	mode = std_boss_team_25122023 ID = 7316511867254827025 Param = block_itemlist.more_btn_has_shadow
17:50:32 [03085D87BE651C03]	mode = std_boss_team_25122023 ID = 7316511867254827025 Param = block_itemlist.more_btn_has_border
17:50:32 [03085D87BE651C03]	mode = std_boss_team_25122023 ID = 7316511867254827025 Param = block_itemlist.color_more_btn_border
17:50:32 [03085D87BE651C03]	mode = std_boss_team_25122023 ID = 7316511867254827025 Param = block_itemlist.color_more_btn_border_hover
17:50:32 [03085D87BE651C03]	mode = std_boss_team_25122023 ID = 7316511867254827025 Param = block_itemlist.more_btn_border_width
17:50:32 [03085D87BE651C03]	mode = std_boss_team_25122023 ID = 7316511867254827025 Param = block_itemlist.more_btn_is_rounded
17:50:32 [03085D87BE651C03]	mode = std_boss_team_25122023 ID = 7316511867254827025 Param = block_itemlist.FOLDER_BY_PAGE
17:50:32 [03085D87BE651C03]	mode = std_boss_team_25122023 ID = 7316511867254827025 Param = block_itemlist.rows_in_page
17:50:32 [03085D87BE651C03]	mode = std_boss_team_25122023 ID = 7316511867254827025 Param = block_itemlist.FOLDER_PADDING
17:50:32 [03085D87BE651C03]	mode = std_boss_team_25122023 ID = 7316511867254827025 Param = block_itemlist.padding_left
17:50:32 [03085D87BE651C03]	mode = std_boss_team_25122023 ID = 7316511867254827025 Param = block_itemlist.padding_right
17:50:32 [03085D87BE651C03]	mode = std_boss_team_25122023 ID = 7316511867254827025 Param = block_itemlist.padding_top
17:50:32 [03085D87BE651C03]	mode = std_boss_team_25122023 ID = 7316511867254827025 Param = block_itemlist.padding_bottom
17:50:32 [03085D87BE651C03]	mode = std_boss_team_25122023 ID = 7316511867254827025 Param = block_itemlist.TAB_VIEW
17:50:32 [03085D87BE651C03]	mode = std_boss_team_25122023 ID = 7316511867254827025 Param = block_itemlist.FOLDER_ITEM_LAYOUT
17:50:32 [03085D87BE651C03]	mode = std_boss_team_25122023 ID = 7316511867254827025 Param = block_itemlist.item_layout
17:50:32 [03085D87BE651C03]	mode = std_boss_team_25122023 ID = 7316511867254827025 Param = block_itemlist.layout_header_first
17:50:32 [03085D87BE651C03]	mode = std_boss_team_25122023 ID = 7316511867254827025 Param = block_itemlist.display_img
17:50:32 [03085D87BE651C03]	mode = std_boss_team_25122023 ID = 7316511867254827025 Param = block_itemlist.img_position
17:50:32 [03085D87BE651C03]	mode = std_boss_team_25122023 ID = 7316511867254827025 Param = block_itemlist.img_size
17:50:32 [03085D87BE651C03]	mode = std_boss_team_25122023 ID = 7316511867254827025 Param = block_itemlist.img_height
17:50:32 [03085D87BE651C03]	mode = std_boss_team_25122023 ID = 7316511867254827025 Param = block_itemlist.img_has_no_margins
17:50:32 [03085D87BE651C03]	mode = std_boss_team_25122023 ID = 7316511867254827025 Param = block_itemlist.img_has_shadow
17:50:32 [03085D87BE651C03]	mode = std_boss_team_25122023 ID = 7316511867254827025 Param = block_itemlist.img_is_rounded
17:50:32 [03085D87BE651C03]	mode = std_boss_team_25122023 ID = 7316511867254827025 Param = block_itemlist.image_radius
17:50:32 [03085D87BE651C03]	mode = std_boss_team_25122023 ID = 7316511867254827025 Param = block_itemlist.display_preheader
17:50:32 [03085D87BE651C03]	mode = std_boss_team_25122023 ID = 7316511867254827025 Param = block_itemlist.display_subheader1
17:50:32 [03085D87BE651C03]	mode = std_boss_team_25122023 ID = 7316511867254827025 Param = block_itemlist.display_subheader2
17:50:32 [03085D87BE651C03]	mode = std_boss_team_25122023 ID = 7316511867254827025 Param = block_itemlist.display_btn1
17:50:32 [03085D87BE651C03]	mode = std_boss_team_25122023 ID = 7316511867254827025 Param = block_itemlist.display_btn2
17:50:32 [03085D87BE651C03]	mode = std_boss_team_25122023 ID = 7316511867254827025 Param = block_itemlist.btn_align
17:50:32 [03085D87BE651C03]	mode = std_boss_team_25122023 ID = 7316511867254827025 Param = block_itemlist.btn_valign
17:50:32 [03085D87BE651C03]	mode = std_boss_team_25122023 ID = 7316511867254827025 Param = block_itemlist.FOLDER_ITEM_BODY
17:50:32 [03085D87BE651C03]	mode = std_boss_team_25122023 ID = 7316511867254827025 Param = block_itemlist.item_has_bg
17:50:32 [03085D87BE651C03]	mode = std_boss_team_25122023 ID = 7316511867254827025 Param = block_itemlist.color_item_bg
17:50:32 [03085D87BE651C03]	mode = std_boss_team_25122023 ID = 7316511867254827025 Param = block_itemlist.item_has_shadow
17:50:32 [03085D87BE651C03]	mode = std_boss_team_25122023 ID = 7316511867254827025 Param = block_itemlist.item_has_border
17:50:32 [03085D87BE651C03]	mode = std_boss_team_25122023 ID = 7316511867254827025 Param = block_itemlist.color_item_border
17:50:32 [03085D87BE651C03]	mode = std_boss_team_25122023 ID = 7316511867254827025 Param = block_itemlist.item_border_width
17:50:32 [03085D87BE651C03]	mode = std_boss_team_25122023 ID = 7316511867254827025 Param = block_itemlist.item_is_rounded
17:50:32 [03085D87BE651C03]	mode = std_boss_team_25122023 ID = 7316511867254827025 Param = block_itemlist.FOLDER_PREHEADER
17:50:32 [03085D87BE651C03]	mode = std_boss_team_25122023 ID = 7316511867254827025 Param = block_itemlist.preheader_align
17:50:32 [03085D87BE651C03]	mode = std_boss_team_25122023 ID = 7316511867254827025 Param = block_itemlist.font_family_preheader
17:50:32 [03085D87BE651C03]	mode = std_boss_team_25122023 ID = 7316511867254827025 Param = block_itemlist.font_family_custom_preheader
17:50:32 [03085D87BE651C03]	mode = std_boss_team_25122023 ID = 7316511867254827025 Param = block_itemlist.font_size_preheader
17:50:32 [03085D87BE651C03]	mode = std_boss_team_25122023 ID = 7316511867254827025 Param = block_itemlist.font_weight_preheader
17:50:32 [03085D87BE651C03]	mode = std_boss_team_25122023 ID = 7316511867254827025 Param = block_itemlist.font_style_preheader
17:50:32 [03085D87BE651C03]	mode = std_boss_team_25122023 ID = 7316511867254827025 Param = block_itemlist.color_font_preheader
17:50:32 [03085D87BE651C03]	mode = std_boss_team_25122023 ID = 7316511867254827025 Param = block_itemlist.FOLDER_HEADER
17:50:32 [03085D87BE651C03]	mode = std_boss_team_25122023 ID = 7316511867254827025 Param = block_itemlist.header_align
17:50:32 [03085D87BE651C03]	mode = std_boss_team_25122023 ID = 7316511867254827025 Param = block_itemlist.font_family_header
17:50:32 [03085D87BE651C03]	mode = std_boss_team_25122023 ID = 7316511867254827025 Param = block_itemlist.font_family_custom_header
17:50:32 [03085D87BE651C03]	mode = std_boss_team_25122023 ID = 7316511867254827025 Param = block_itemlist.font_size_header
17:50:32 [03085D87BE651C03]	mode = std_boss_team_25122023 ID = 7316511867254827025 Param = block_itemlist.font_weight_header
17:50:32 [03085D87BE651C03]	mode = std_boss_team_25122023 ID = 7316511867254827025 Param = block_itemlist.font_style_header
17:50:32 [03085D87BE651C03]	mode = std_boss_team_25122023 ID = 7316511867254827025 Param = block_itemlist.color_font_header
17:50:32 [03085D87BE651C03]	mode = std_boss_team_25122023 ID = 7316511867254827025 Param = block_itemlist.FOLDER_SUBHEADER1
17:50:32 [03085D87BE651C03]	mode = std_boss_team_25122023 ID = 7316511867254827025 Param = block_itemlist.subheader1_align
17:50:32 [03085D87BE651C03]	mode = std_boss_team_25122023 ID = 7316511867254827025 Param = block_itemlist.font_family_subheader1
17:50:32 [03085D87BE651C03]	mode = std_boss_team_25122023 ID = 7316511867254827025 Param = block_itemlist.font_family_custom_subheader1
17:50:32 [03085D87BE651C03]	mode = std_boss_team_25122023 ID = 7316511867254827025 Param = block_itemlist.font_size_subheader1
17:50:32 [03085D87BE651C03]	mode = std_boss_team_25122023 ID = 7316511867254827025 Param = block_itemlist.font_weight_subheader1
17:50:32 [03085D87BE651C03]	mode = std_boss_team_25122023 ID = 7316511867254827025 Param = block_itemlist.font_style_subheader1
17:50:32 [03085D87BE651C03]	mode = std_boss_team_25122023 ID = 7316511867254827025 Param = block_itemlist.color_font_subheader1
17:50:32 [03085D87BE651C03]	mode = std_boss_team_25122023 ID = 7316511867254827025 Param = block_itemlist.FOLDER_SUBHEADER2
17:50:32 [03085D87BE651C03]	mode = std_boss_team_25122023 ID = 7316511867254827025 Param = block_itemlist.subheader2_align
17:50:32 [03085D87BE651C03]	mode = std_boss_team_25122023 ID = 7316511867254827025 Param = block_itemlist.font_family_subheader2
17:50:32 [03085D87BE651C03]	mode = std_boss_team_25122023 ID = 7316511867254827025 Param = block_itemlist.font_family_custom_subheader2
17:50:32 [03085D87BE651C03]	mode = std_boss_team_25122023 ID = 7316511867254827025 Param = block_itemlist.font_size_subheader2
17:50:32 [03085D87BE651C03]	mode = std_boss_team_25122023 ID = 7316511867254827025 Param = block_itemlist.font_weight_subheader2
17:50:32 [03085D87BE651C03]	mode = std_boss_team_25122023 ID = 7316511867254827025 Param = block_itemlist.font_style_subheader2
17:50:32 [03085D87BE651C03]	mode = std_boss_team_25122023 ID = 7316511867254827025 Param = block_itemlist.color_font_subheader2
17:50:32 [03085D87BE651C03]	mode = std_boss_team_25122023 ID = 7316511867254827025 Param = block_itemlist.FOLDER_TEXT
17:50:32 [03085D87BE651C03]	mode = std_boss_team_25122023 ID = 7316511867254827025 Param = block_itemlist.text_align
17:50:32 [03085D87BE651C03]	mode = std_boss_team_25122023 ID = 7316511867254827025 Param = block_itemlist.font_family_text
17:50:32 [03085D87BE651C03]	mode = std_boss_team_25122023 ID = 7316511867254827025 Param = block_itemlist.font_family_text_custom
17:50:32 [03085D87BE651C03]	mode = std_boss_team_25122023 ID = 7316511867254827025 Param = block_itemlist.font_size_text
17:50:32 [03085D87BE651C03]	mode = std_boss_team_25122023 ID = 7316511867254827025 Param = block_itemlist.font_weight_text
17:50:32 [03085D87BE651C03]	mode = std_boss_team_25122023 ID = 7316511867254827025 Param = block_itemlist.font_style_text
17:50:32 [03085D87BE651C03]	mode = std_boss_team_25122023 ID = 7316511867254827025 Param = block_itemlist.color_font_text
17:50:32 [03085D87BE651C03]	mode = std_boss_team_25122023 ID = 7316511867254827025 Param = block_itemlist.FOLDER_BTN1
17:50:32 [03085D87BE651C03]	mode = std_boss_team_25122023 ID = 7316511867254827025 Param = block_itemlist.btn1_has_bg
17:50:32 [03085D87BE651C03]	mode = std_boss_team_25122023 ID = 7316511867254827025 Param = block_itemlist.color_btn1_bg
17:50:32 [03085D87BE651C03]	mode = std_boss_team_25122023 ID = 7316511867254827025 Param = block_itemlist.color_btn1_bg_hover
17:50:32 [03085D87BE651C03]	mode = std_boss_team_25122023 ID = 7316511867254827025 Param = block_itemlist.btn1_has_shadow
17:50:32 [03085D87BE651C03]	mode = std_boss_team_25122023 ID = 7316511867254827025 Param = block_itemlist.btn1_has_border
17:50:32 [03085D87BE651C03]	mode = std_boss_team_25122023 ID = 7316511867254827025 Param = block_itemlist.color_btn1_border
17:50:32 [03085D87BE651C03]	mode = std_boss_team_25122023 ID = 7316511867254827025 Param = block_itemlist.color_btn1_border_hover
17:50:32 [03085D87BE651C03]	mode = std_boss_team_25122023 ID = 7316511867254827025 Param = block_itemlist.btn1_border_width
17:50:32 [03085D87BE651C03]	mode = std_boss_team_25122023 ID = 7316511867254827025 Param = block_itemlist.btn1_is_rounded
17:50:32 [03085D87BE651C03]	mode = std_boss_team_25122023 ID = 7316511867254827025 Param = block_itemlist.font_family_btn1
17:50:32 [03085D87BE651C03]	mode = std_boss_team_25122023 ID = 7316511867254827025 Param = block_itemlist.font_family_btn1_custom
17:50:32 [03085D87BE651C03]	mode = std_boss_team_25122023 ID = 7316511867254827025 Param = block_itemlist.font_size_btn1
17:50:32 [03085D87BE651C03]	mode = std_boss_team_25122023 ID = 7316511867254827025 Param = block_itemlist.font_weight_btn1
17:50:32 [03085D87BE651C03]	mode = std_boss_team_25122023 ID = 7316511867254827025 Param = block_itemlist.font_style_btn1
17:50:32 [03085D87BE651C03]	mode = std_boss_team_25122023 ID = 7316511867254827025 Param = block_itemlist.color_btn1_font
17:50:32 [03085D87BE651C03]	mode = std_boss_team_25122023 ID = 7316511867254827025 Param = block_itemlist.color_btn1_font_hover
17:50:32 [03085D87BE651C03]	mode = std_boss_team_25122023 ID = 7316511867254827025 Param = block_itemlist.FOLDER_BTN2
17:50:32 [03085D87BE651C03]	mode = std_boss_team_25122023 ID = 7316511867254827025 Param = block_itemlist.btn2_has_bg
17:50:32 [03085D87BE651C03]	mode = std_boss_team_25122023 ID = 7316511867254827025 Param = block_itemlist.color_btn2_bg
17:50:32 [03085D87BE651C03]	mode = std_boss_team_25122023 ID = 7316511867254827025 Param = block_itemlist.color_btn2_bg_hover
17:50:32 [03085D87BE651C03]	mode = std_boss_team_25122023 ID = 7316511867254827025 Param = block_itemlist.btn2_has_shadow
17:50:32 [03085D87BE651C03]	mode = std_boss_team_25122023 ID = 7316511867254827025 Param = block_itemlist.btn2_has_border
17:50:32 [03085D87BE651C03]	mode = std_boss_team_25122023 ID = 7316511867254827025 Param = block_itemlist.color_btn2_border
17:50:32 [03085D87BE651C03]	mode = std_boss_team_25122023 ID = 7316511867254827025 Param = block_itemlist.color_btn2_border_hover
17:50:32 [03085D87BE651C03]	mode = std_boss_team_25122023 ID = 7316511867254827025 Param = block_itemlist.btn2_border_width
17:50:32 [03085D87BE651C03]	mode = std_boss_team_25122023 ID = 7316511867254827025 Param = block_itemlist.btn2_is_rounded
17:50:32 [03085D87BE651C03]	mode = std_boss_team_25122023 ID = 7316511867254827025 Param = block_itemlist.font_family_btn2
17:50:32 [03085D87BE651C03]	mode = std_boss_team_25122023 ID = 7316511867254827025 Param = block_itemlist.font_family_btn2_custom
17:50:32 [03085D87BE651C03]	mode = std_boss_team_25122023 ID = 7316511867254827025 Param = block_itemlist.font_size_btn2
17:50:32 [03085D87BE651C03]	mode = std_boss_team_25122023 ID = 7316511867254827025 Param = block_itemlist.font_weight_btn2
17:50:32 [03085D87BE651C03]	mode = std_boss_team_25122023 ID = 7316511867254827025 Param = block_itemlist.font_style_btn2
17:50:32 [03085D87BE651C03]	mode = std_boss_team_25122023 ID = 7316511867254827025 Param = block_itemlist.color_btn2_font
17:50:32 [03085D87BE651C03]	mode = std_boss_team_25122023 ID = 7316511867254827025 Param = block_itemlist.color_btn2_font_hover
17:50:32 [03085D87BE651C03]	mode = std_boss_team_25122023 ID = 7316511867254827025 Param = block_itemlist.btn1_target
17:50:32 [03085D87BE651C03]	mode = std_boss_team_25122023 ID = 7316511867254827025 Param = block_itemlist.btn2_target
17:50:32 [03085D87BE651C03]	mode = std_boss_team_25122023 ID = 7316511867254827025 Param = block_itemlist.FOLDER_ACTIONS
17:50:32 [03085D87BE651C03]	mode = std_boss_team_25122023 ID = 7316511867254827025 Param = block_itemlist.FOLDER_ITEM_IMG
17:50:32 [03085D87BE651C03]	mode = std_boss_team_25122023 ID = 7316511867254827025 Param = block_itemlist.item_padding
17:50:32 [03085D87BE651C03]	mode = std_boss_team_25122023 ID = 7316511867254827025 Param = block_itemlist.color_img_bg
17:50:32 [03085D87BE651C03]	mode = std_boss_team_25122023 ID = 7316511867254827025 Param = block_itemlist.FOLDER_BTN_LAYOUT
17:50:32 [03085D87BE651C03]	mode = std_boss_team_25122023 ID = 7316511867254827025 Param = block_itemlist.color_page_btn
17:50:32 [03085D87BE651C03]	mode = std_boss_team_25122023 ID = 7316511867254827025 Param = block_itemlist.page_btn_has_bg
17:50:32 [03085D87BE651C03]	mode = std_boss_team_25122023 ID = 7316511867254827025 Param = block_itemlist.color_page_btn_hover
17:50:32 [03085D87BE651C03]	mode = std_boss_team_25122023 ID = 7316511867254827025 Param = block_itemlist.color_page_btn_selected
17:50:32 [03085D87BE651C03]	mode = std_boss_team_25122023 ID = 7316511867254827025 Param = block_itemlist.page_btn_has_border
17:50:32 [03085D87BE651C03]	mode = std_boss_team_25122023 ID = 7316511867254827025 Param = block_itemlist.color_page_btn_border
17:50:32 [03085D87BE651C03]	mode = std_boss_team_25122023 ID = 7316511867254827025 Param = block_itemlist.color_page_btn_border_hover
17:50:32 [03085D87BE651C03]	mode = std_boss_team_25122023 ID = 7316511867254827025 Param = block_itemlist.color_page_btn_border_selected
17:50:32 [03085D87BE651C03]	mode = std_boss_team_25122023 ID = 7316511867254827025 Param = block_itemlist.color_page_btn_font
17:50:32 [03085D87BE651C03]	mode = std_boss_team_25122023 ID = 7316511867254827025 Param = block_itemlist.color_page_btn_font_hover
17:50:32 [03085D87BE651C03]	mode = std_boss_team_25122023 ID = 7316511867254827025 Param = block_itemlist.color_page_btn_font_selected
17:50:32 [03085D87BE651C03]	mode = std_boss_team_25122023 ID = 7316511867254827025 Param = block_itemlist.page_btn_position
17:50:32 [03085D87BE651C03]	mode = std_boss_team_25122023 ID = 7316511867254827025 Param = block_itemlist.use_transition
17:50:32 [03085D87BE651C03]	mode = std_boss_team_25122023 ID = 7316511867254827025 Param = block_itemlist.FOLDER_COMMON_COLLECTION
17:50:32 [03085D87BE651C03]	mode = std_boss_team_25122023 ID = 7316511867254827025 Param = block_itemlist.FOLDER_COMMON_MAPPING
17:50:32 [03085D87BE651C03]	mode = std_boss_team_25122023 ID = 7316511867254827025 Param = block_itemlist.__mapping__image_common
17:50:32 [03085D87BE651C03]	mode = std_boss_team_25122023 ID = 7316511867254827025 Param = block_itemlist.__mapping__image_common__value
17:50:32 [03085D87BE651C03]	mode = std_boss_team_25122023 ID = 7316511867254827025 Param = block_itemlist.__mapping__preheader_common
17:50:32 [03085D87BE651C03]	mode = std_boss_team_25122023 ID = 7316511867254827025 Param = block_itemlist.__mapping__preheader_common__value
17:50:32 [03085D87BE651C03]	mode = std_boss_team_25122023 ID = 7316511867254827025 Param = block_itemlist.__mapping__header_common
17:50:32 [03085D87BE651C03]	mode = std_boss_team_25122023 ID = 7316511867254827025 Param = block_itemlist.__mapping__header_common__value
17:50:32 [03085D87BE651C03]	mode = std_boss_team_25122023 ID = 7316511867254827025 Param = block_itemlist.__mapping__subheader1_common
17:50:32 [03085D87BE651C03]	mode = std_boss_team_25122023 ID = 7316511867254827025 Param = block_itemlist.__mapping__subheader1_common__value
17:50:32 [03085D87BE651C03]	mode = std_boss_team_25122023 ID = 7316511867254827025 Param = block_itemlist.__mapping__subheader2_common
17:50:32 [03085D87BE651C03]	mode = std_boss_team_25122023 ID = 7316511867254827025 Param = block_itemlist.__mapping__subheader2_common__value
17:50:32 [03085D87BE651C03]	mode = std_boss_team_25122023 ID = 7316511867254827025 Param = block_itemlist.__mapping__rtf_text_common
17:50:32 [03085D87BE651C03]	mode = std_boss_team_25122023 ID = 7316511867254827025 Param = block_itemlist.__mapping__rtf_text_common__value
17:50:32 [03085D87BE651C03]	mode = std_boss_team_25122023 ID = 7316511867254827025 Param = block_itemlist.__mapping__button_text1_common
17:50:32 [03085D87BE651C03]	mode = std_boss_team_25122023 ID = 7316511867254827025 Param = block_itemlist.__mapping__button_text1_common__value
17:50:32 [03085D87BE651C03]	mode = std_boss_team_25122023 ID = 7316511867254827025 Param = block_itemlist.__mapping__button_url1_common
17:50:32 [03085D87BE651C03]	mode = std_boss_team_25122023 ID = 7316511867254827025 Param = block_itemlist.__mapping__button_url1_common__value
17:50:32 [03085D87BE651C03]	mode = std_boss_team_25122023 ID = 7316511867254827025 Param = block_itemlist.__mapping__button_text2_common
17:50:32 [03085D87BE651C03]	mode = std_boss_team_25122023 ID = 7316511867254827025 Param = block_itemlist.__mapping__button_text2_common__value
17:50:32 [03085D87BE651C03]	mode = std_boss_team_25122023 ID = 7316511867254827025 Param = block_itemlist.__mapping__button_url2_common
17:50:32 [03085D87BE651C03]	mode = std_boss_team_25122023 ID = 7316511867254827025 Param = block_itemlist.__mapping__button_url2_common__value
17:50:32 [03085D87BE651C03]	mode = std_boss_team_25122023 ID = 7316511867254827025 Param = block_itemlist.__mapping__main_url_common
17:50:32 [03085D87BE651C03]	mode = std_boss_team_25122023 ID = 7316511867254827025 Param = block_itemlist.__mapping__main_url_common__value
17:50:32 [03085D87BE651C03]	mode = std_boss_team_25122023 ID = 7316511867254827025 Param = block_itemlist.action_type
17:50:32 [03085D87BE651C03]	mode = std_boss_team_25122023 ID = 7316511867254827025 Param = block_itemlist.local_action
17:50:32 [03085D87BE651C03]	mode = std_boss_team_25122023 ID = 7316511867254827025 Param = block_itemlist.btn1_text
17:50:32 [03085D87BE651C03]	mode = std_boss_team_25122023 ID = 7316511867254827025 Param = block_itemlist.btn2_text
17:50:32 [03085D87BE651C03]	mode = std_boss_team_25122023 ID = 7316511867254827025 Param = block_itemlist.FOLDER_REMOTE_ACTION
17:50:32 [03085D87BE651C03]	mode = std_boss_team_25122023 ID = 7316511867254827025 Param = block_itemlist.remote_action_type
17:50:32 [03085D87BE651C03]	mode = std_boss_team_25122023 ID = 7316511867254827025 Param = block_itemlist.__remote_action__
17:50:32 [03085D87BE651C03]	mode = std_boss_team_25122023 ID = 7316511867254827025 Param = block_itemlist.remote_action_common
17:50:32 [03085D87BE651C03]	mode = std_boss_team_25122023 ID = 7316511867254827025 Param = block_itemlist.FOLDER_ACTION_PARAMS
17:50:32 [03085D87BE651C03]	mode = std_boss_team_25122023 ID = 7316511867254827025 Param = block_itemlist.collect_flds
17:50:32 [03085D87BE651C03]	mode = std_boss_team_25122023 ID = 7316511867254827025 Param = block_itemlist.FOLDER_WRAPPER
17:50:32 [03085D87BE651C03]	mode = std_boss_team_25122023 ID = 7316511867254827025 Param = block_itemlist.block_has_bg
17:50:32 [03085D87BE651C03]	mode = std_boss_team_25122023 ID = 7316511867254827025 Param = block_itemlist.block_has_border
17:50:32 [03085D87BE651C03]	mode = std_boss_team_25122023 ID = 7316511867254827025 Param = block_itemlist.block_is_rounded
17:50:32 [03085D87BE651C03]	mode = std_boss_team_25122023 ID = 7316511867254827025 Param = block_itemlist.block_has_shadow
17:50:32 [03085D87BE651C03]	mode = std_boss_team_25122023 ID = 7316511867254827025 Param = block_itemlist.color_block_bg
17:50:32 [03085D87BE651C03]	mode = std_boss_team_25122023 ID = 7316511867254827025 Param = block_itemlist.block_img_bg
17:50:32 [03085D87BE651C03]	mode = std_boss_team_25122023 ID = 7316511867254827025 Param = block_itemlist.block_img_file
17:50:32 [03085D87BE651C03]	mode = std_boss_team_25122023 ID = 7316511867254827025 Param = block_itemlist.block_img_link
17:50:32 [03085D87BE651C03]	mode = std_boss_team_25122023 ID = 7316511867254827025 Param = block_itemlist.block_img_repeat
17:50:32 [03085D87BE651C03]	mode = std_boss_team_25122023 ID = 7316511867254827025 Param = block_itemlist.block_img_position
17:50:32 [03085D87BE651C03]	mode = std_boss_team_25122023 ID = 7316511867254827025 Param = block_itemlist.block_img_position_custom
17:50:32 [03085D87BE651C03]	mode = std_boss_team_25122023 ID = 7316511867254827025 Param = block_itemlist.block_img_size
17:50:32 [03085D87BE651C03]	mode = std_boss_team_25122023 ID = 7316511867254827025 Param = block_itemlist.block_img_size_custom
17:50:32 [03085D87BE651C03]	mode = std_boss_team_25122023 ID = 7316511867254827025 Param = block_itemlist.color_block_border
17:50:32 [03085D87BE651C03]	mode = std_boss_team_25122023 ID = 7316511867254827025 Param = block_itemlist.block_border_width
17:50:32 [03085D87BE651C03]	mode = std_boss_team_25122023 ID = 7316511867254827025 Param = block_itemlist.block_padding_left
17:50:32 [03085D87BE651C03]	mode = std_boss_team_25122023 ID = 7316511867254827025 Param = block_itemlist.block_padding_right
17:50:32 [03085D87BE651C03]	mode = std_boss_team_25122023 ID = 7316511867254827025 Param = block_itemlist.block_padding_top
17:50:32 [03085D87BE651C03]	mode = std_boss_team_25122023 ID = 7316511867254827025 Param = block_itemlist.block_padding_bottom
17:50:32 [03085D87BE651C03]	mode = std_boss_team_25122023 ID = 7316511867254827025 Param = block_itemlist.when_empty
17:50:32 [03085D87BE651C03]	mode = std_boss_team_25122023 ID = 7316511867254827025 Param = block_itemlist.msg_empty
17:50:32 [03085D87BE651C03]	mode = std_boss_team_25122023 ID = 7316511867254827025 Param = block_itemlist.FOLDER_NODATA
17:50:32 [03085D87BE651C03]	mode = std_boss_team_25122023 ID = 7316511867254827025 Param = block_itemlist.font_family_msg_empty
17:50:32 [03085D87BE651C03]	mode = std_boss_team_25122023 ID = 7316511867254827025 Param = block_itemlist.font_family_custom_msg_empty
17:50:32 [03085D87BE651C03]	mode = std_boss_team_25122023 ID = 7316511867254827025 Param = block_itemlist.font_size_msg_empty
17:50:32 [03085D87BE651C03]	mode = std_boss_team_25122023 ID = 7316511867254827025 Param = block_itemlist.font_weight_msg_empty
17:50:32 [03085D87BE651C03]	mode = std_boss_team_25122023 ID = 7316511867254827025 Param = block_itemlist.font_style_msg_empty
17:50:32 [03085D87BE651C03]	mode = std_boss_team_25122023 ID = 7316511867254827025 Param = block_itemlist.color_msg_empty
17:50:32 [03085D87BE651C03]	mode = std_boss_team_25122023 ID = 7316511867254827025 Param = block_itemlist.text_align_msg_empty
17:50:32 [03085D87BE651C03]	mode = std_boss_team_25122023 ID = 7316511867254827025 Param = block_itemlist.local_var
17:50:32 [03085D87BE651C03]	mode = std_boss_team_25122023 ID = 7316511867254827025 Param = block_itemlist.function_name
17:50:32 [03085D87BE651C03]	mode = std_boss_team_25122023 ID = 7316511867254827025 Param = block_itemlist.custom_css_class
17:50:32 [03085D87BE651C03]	mode = std_boss_team_25122023 ID = 7316511867254827025 Param = block_itemlist.__service__collection_params
17:50:32 [03085D87BE651C03]	mode = std_boss_team_25122023 ID = 7316511867254827025 Param = block_itemlist.__service__common_collection_params
17:50:32 [03085D87BE651C03]	mode = std_boss_team_25122023 ID = 7316511867254827025 Param = block_itemlist.__service__remote_action_params
17:50:32 [03085D87BE651C03]	mode = std_boss_team_25122023 ID = 7316511867254827025 Param = block_itemlist.__service__common_remote_action_params
17:50:32 [03085D87BE651C03]	mode = std_boss_team_25122023 ID = 7316511867254827025 Param = block_itemlist.anchor_top
17:50:32 [03085D87BE651C03]	mode = std_boss_team_25122023 ID = 7316511867254827025 Param = block_itemlist.anchor_bottom
17:50:32 [03085D87BE651C03]	mode = std_boss_team_25122023 ID = 7316511867254827025 Param = block_itemlist.img_align
17:50:32 [03085D87BE651C03]	mode = std_boss_team_25122023 ID = 7316511867254827025 Param = block_itemlist.img_margin
17:50:32 [03085D87BE651C03]	mode = std_boss_team_25122023 ID = 7316511867254827025 Param = block_itemlist.item_margin_bottom
17:50:32 [03085D87BE651C03]	mode = std_boss_team_25122023 ID = 7316511867254827025 Param = block_itemlist.__service__use_font_control
17:50:32 [03085D87BE651C03]	mode = std_boss_team_25122023 ID = 7316511867254827025 Param = block_itemlist.__CACHE_LEVEL__
17:50:32 [03085D87BE651C03]	mode = std_boss_team_25122023 ID = 7316511867254827025 Param = block_itemlist.__PARAM_SET__
17:50:32 [03085D87BE651C03]	mode = std_boss_team_25122023 ID = 7316511867254827025 Param = block_itemlist.FOLDER_ITEM
17:50:32 [03085D87BE651C03]	mode = std_boss_team_25122023 ID = 7316511867254827025 Param = block_itemlist.FOLDER_SERVICE
17:50:32 [03085D87BE651C03]	mode = std_boss_team_25122023 ID = 7316511867254827025 Param = block_itemlist.FOLDER_BY_PAGE_BTN
17:50:32 [03085D87BE651C03]	mode = std_boss_team_25122023 ID = 7316511867254827025 Param = block_itemlist.FOLDER_ITEM_IMG_PARAMS
17:50:32 [03085D87BE651C03]	mode = std_boss_team_25122023 ID = 7316511867254827025 Param = block_itemlist.multiple_actions_header
17:50:32 [03085D87BE651C03]	mode = std_boss_team_25122023 ID = 7316511867254827025 Param = block_itemlist.__remote_actions__
17:50:32 [03085D87BE651C03]	mode = std_boss_team_25122023 ID = 7316511867254827025 Param = block_itemlist.block_header_text
17:50:32 [03085D87BE651C03]	mode = std_boss_team_25122023 ID = 7316511867254827025 Param = block_itemlist.FOLDER_BLOCK_HEADER
17:50:32 [03085D87BE651C03]	mode = std_boss_team_25122023 ID = 7316511867254827025 Param = block_itemlist.FOLDER_BLOCK_FOOTER
17:50:32 [03085D87BE651C03]	mode = std_boss_team_25122023 ID = 7316511867254827025 Param = block_itemlist.display_block_header
17:50:32 [03085D87BE651C03]	mode = std_boss_team_25122023 ID = 7316511867254827025 Param = block_itemlist.display_block_footer
17:50:32 [03085D87BE651C03]	mode = std_boss_team_25122023 ID = 7316511867254827025 Param = block_itemlist.font_family_block_header
17:50:32 [03085D87BE651C03]	mode = std_boss_team_25122023 ID = 7316511867254827025 Param = block_itemlist.font_family_block_header_custom
17:50:32 [03085D87BE651C03]	mode = std_boss_team_25122023 ID = 7316511867254827025 Param = block_itemlist.font_size_block_header
17:50:32 [03085D87BE651C03]	mode = std_boss_team_25122023 ID = 7316511867254827025 Param = block_itemlist.font_weight_block_header
17:50:32 [03085D87BE651C03]	mode = std_boss_team_25122023 ID = 7316511867254827025 Param = block_itemlist.font_style_block_header
17:50:32 [03085D87BE651C03]	mode = std_boss_team_25122023 ID = 7316511867254827025 Param = block_itemlist.color_font_block_header
17:50:32 [03085D87BE651C03]	mode = std_boss_team_25122023 ID = 7316511867254827025 Param = block_itemlist.block_header_bg_type
17:50:32 [03085D87BE651C03]	mode = std_boss_team_25122023 ID = 7316511867254827025 Param = block_itemlist.color_block_header_bg
17:50:32 [03085D87BE651C03]	mode = std_boss_team_25122023 ID = 7316511867254827025 Param = block_itemlist.block_header_bg_is_rounded
17:50:32 [03085D87BE651C03]	mode = std_boss_team_25122023 ID = 7316511867254827025 Param = block_itemlist.block_header_border_type
17:50:32 [03085D87BE651C03]	mode = std_boss_team_25122023 ID = 7316511867254827025 Param = block_itemlist.color_block_header_border
17:50:32 [03085D87BE651C03]	mode = std_boss_team_25122023 ID = 7316511867254827025 Param = block_itemlist.block_header_border_width
17:50:32 [03085D87BE651C03]	mode = std_boss_team_25122023 ID = 7316511867254827025 Param = block_itemlist.block_header_border_bottom_only
17:50:32 [03085D87BE651C03]	mode = std_boss_team_25122023 ID = 7316511867254827025 Param = block_itemlist.block_header_padding_left
17:50:32 [03085D87BE651C03]	mode = std_boss_team_25122023 ID = 7316511867254827025 Param = block_itemlist.block_header_padding_right
17:50:32 [03085D87BE651C03]	mode = std_boss_team_25122023 ID = 7316511867254827025 Param = block_itemlist.block_header_padding_top
17:50:32 [03085D87BE651C03]	mode = std_boss_team_25122023 ID = 7316511867254827025 Param = block_itemlist.block_header_padding_bottom
17:50:32 [03085D87BE651C03]	mode = std_boss_team_25122023 ID = 7316511867254827025 Param = block_itemlist.block_footer_bg_type
17:50:32 [03085D87BE651C03]	mode = std_boss_team_25122023 ID = 7316511867254827025 Param = block_itemlist.color_block_footer_bg
17:50:32 [03085D87BE651C03]	mode = std_boss_team_25122023 ID = 7316511867254827025 Param = block_itemlist.block_footer_is_rounded
17:50:32 [03085D87BE651C03]	mode = std_boss_team_25122023 ID = 7316511867254827025 Param = block_itemlist.block_footer_border_type
17:50:32 [03085D87BE651C03]	mode = std_boss_team_25122023 ID = 7316511867254827025 Param = block_itemlist.color_block_footer_border
17:50:32 [03085D87BE651C03]	mode = std_boss_team_25122023 ID = 7316511867254827025 Param = block_itemlist.block_footer_border_width
17:50:32 [03085D87BE651C03]	mode = std_boss_team_25122023 ID = 7316511867254827025 Param = block_itemlist.block_footer_border_top_only
17:50:32 [03085D87BE651C03]	mode = std_boss_team_25122023 ID = 7316511867254827025 Param = block_itemlist.block_footer_padding_left
17:50:32 [03085D87BE651C03]	mode = std_boss_team_25122023 ID = 7316511867254827025 Param = block_itemlist.block_footer_padding_right
17:50:32 [03085D87BE651C03]	mode = std_boss_team_25122023 ID = 7316511867254827025 Param = block_itemlist.block_footer_padding_top
17:50:32 [03085D87BE651C03]	mode = std_boss_team_25122023 ID = 7316511867254827025 Param = block_itemlist.block_footer_padding_bottom
17:50:32 [03085D87BE651C03]	mode = std_boss_team_25122023 ID = 7316511867254827025 Param = block_itemlist.block_header_layout
17:50:32 [03085D87BE651C03]	mode = std_boss_team_25122023 ID = 7316511867254827025 Param = block_itemlist.page_btn_align
17:50:32 [03085D87BE651C03]	mode = std_boss_team_25122023 ID = 7316511867254827025 Param = block_itemlist.block_footer_layout
17:50:32 [03085D87BE651C03]	mode = std_boss_team_25122023 ID = 7316511867254827025 Param = block_itemlist.color_page_btn_disabled
17:50:32 [03085D87BE651C03]	mode = std_boss_team_25122023 ID = 7316511867254827025 Param = block_itemlist.color_page_btn_border_disabled
17:50:32 [03085D87BE651C03]	mode = std_boss_team_25122023 ID = 7316511867254827025 Param = block_itemlist.color_page_btn_font_disabled
17:50:32 [03085D87BE651C03]	mode = std_boss_team_25122023 ID = 7316511867254827025 Param = block_itemlist.link_header_text
17:50:32 [03085D87BE651C03]	mode = std_boss_team_25122023 ID = 7316511867254827025 Param = block_itemlist.link_header_url
17:50:32 [03085D87BE651C03]	mode = std_boss_team_25122023 ID = 7316511867254827025 Param = block_itemlist.link_footer_text
17:50:32 [03085D87BE651C03]	mode = std_boss_team_25122023 ID = 7316511867254827025 Param = block_itemlist.link_footer_url
17:50:32 [03085D87BE651C03]	mode = std_boss_team_25122023 ID = 7316511867254827025 Param = block_itemlist.font_family_link_header
17:50:32 [03085D87BE651C03]	mode = std_boss_team_25122023 ID = 7316511867254827025 Param = block_itemlist.font_family_link_header_custom
17:50:32 [03085D87BE651C03]	mode = std_boss_team_25122023 ID = 7316511867254827025 Param = block_itemlist.font_size_link_header
17:50:32 [03085D87BE651C03]	mode = std_boss_team_25122023 ID = 7316511867254827025 Param = block_itemlist.font_weight_link_header
17:50:32 [03085D87BE651C03]	mode = std_boss_team_25122023 ID = 7316511867254827025 Param = block_itemlist.font_style_link_header
17:50:32 [03085D87BE651C03]	mode = std_boss_team_25122023 ID = 7316511867254827025 Param = block_itemlist.font_family_link_footer
17:50:32 [03085D87BE651C03]	mode = std_boss_team_25122023 ID = 7316511867254827025 Param = block_itemlist.font_family_link_footer_custom
17:50:32 [03085D87BE651C03]	mode = std_boss_team_25122023 ID = 7316511867254827025 Param = block_itemlist.font_size_link_footer
17:50:32 [03085D87BE651C03]	mode = std_boss_team_25122023 ID = 7316511867254827025 Param = block_itemlist.font_weight_link_footer
17:50:32 [03085D87BE651C03]	mode = std_boss_team_25122023 ID = 7316511867254827025 Param = block_itemlist.font_style_link_footer
17:50:32 [03085D87BE651C03]	mode = std_boss_team_25122023 ID = 7316511867254827025 Param = block_itemlist.allow_scroll_into_view
17:50:32 [03085D87BE651C03]	mode = std_boss_team_25122023 ID = 7316511867254827025 Param = block_itemlist.custom_css_style
17:50:32 [03085D87BE651C03]	mode = std_boss_team_25122023 ID = 7316511867254827025 Param = block_itemlist.item_link_target
17:50:32 [03085D87BE651C03]	mode = std_boss_team_25122023 ID = 7316511867254827025 Param = block_itemlist.display_header_total
17:50:32 [03085D87BE651C03]	mode = std_boss_team_25122023 ID = 7316511867254827025 Param = block_itemlist.color_header_total_bg
17:50:32 [03085D87BE651C03]	mode = std_boss_team_25122023 ID = 7316511867254827025 Param = block_itemlist.color_header_total_font
17:50:32 [03085D87BE651C03]	mode = std_boss_team_25122023 ID = 7316511867254827025 Param = block_itemlist.override_new_window_on_mobile
17:50:32 [03085D87BE651C03]	mode = std_boss_team_25122023 ID = 7316511867254827025 Param = block_itemlist.loading_type
17:50:32 [03085D87BE651C03]	mode = std_boss_team_25122023 ID = 7316511867254827025 Param = block_itemlist.distincts
17:50:32 [03085D87BE651C03]	mode = std_boss_team_25122023 ID = 7316511867254827025 Param = block_itemlist.__mapping__floater
17:50:32 [03085D87BE651C03]	mode = std_boss_team_25122023 ID = 7316511867254827025 Param = block_itemlist.__mapping__floater__value
17:50:32 [03085D87BE651C03]	mode = std_boss_team_25122023 ID = 7316511867254827025 Param = block_itemlist.__mapping__css_floater
17:50:33 [03085D87BE651C03]	mode = std_boss_team_25122023 ID = 7316511867254827025 Param = block_itemlist.__mapping__css_floater__value
17:50:33 [03085D87BE651C03]	mode = std_boss_team_25122023 ID = 7316511867254827025 Param = block_itemlist.__mapping__floater_common
17:50:33 [03085D87BE651C03]	mode = std_boss_team_25122023 ID = 7316511867254827025 Param = block_itemlist.__mapping__floater_common__value
17:50:33 [03085D87BE651C03]	mode = std_boss_team_25122023 ID = 7316511867254827025 Param = block_itemlist.__mapping__css_floater_common
17:50:33 [03085D87BE651C03]	mode = std_boss_team_25122023 ID = 7316511867254827025 Param = block_itemlist.__mapping__css_floater_common__value
17:50:33 [03085D87BE651C03]	mode = std_boss_team_25122023 ID = 7316511867254827025 Param = block_itemlist.display_floater
17:50:33 [03085D87BE651C03]	mode = std_boss_team_25122023 ID = 7316511867254827025 Param = block_itemlist.FOLDER_FLOATER
17:50:33 [03085D87BE651C03]	mode = std_boss_team_25122023 ID = 7316511867254827025 Param = block_itemlist.floater_position
17:50:33 [03085D87BE651C03]	mode = std_boss_team_25122023 ID = 7316511867254827025 Param = block_itemlist.floater_width
17:50:33 [03085D87BE651C03]	mode = std_boss_team_25122023 ID = 7316511867254827025 Param = block_itemlist.floater_margin_h
17:50:33 [03085D87BE651C03]	mode = std_boss_team_25122023 ID = 7316511867254827025 Param = block_itemlist.floater_margin_v
17:50:33 [03085D87BE651C03]	mode = std_boss_team_25122023 ID = 7316511867254827025 Param = block_itemlist.floater_has_bg
17:50:33 [03085D87BE651C03]	mode = std_boss_team_25122023 ID = 7316511867254827025 Param = block_itemlist.floater_has_border
17:50:33 [03085D87BE651C03]	mode = std_boss_team_25122023 ID = 7316511867254827025 Param = block_itemlist.floater_is_rounded
17:50:33 [03085D87BE651C03]	mode = std_boss_team_25122023 ID = 7316511867254827025 Param = block_itemlist.font_family_floater
17:50:33 [03085D87BE651C03]	mode = std_boss_team_25122023 ID = 7316511867254827025 Param = block_itemlist.font_family_floater_custom
17:50:33 [03085D87BE651C03]	mode = std_boss_team_25122023 ID = 7316511867254827025 Param = block_itemlist.font_size_floater
17:50:33 [03085D87BE651C03]	mode = std_boss_team_25122023 ID = 7316511867254827025 Param = block_itemlist.font_weight_floater
17:50:33 [03085D87BE651C03]	mode = std_boss_team_25122023 ID = 7316511867254827025 Param = block_itemlist.font_style_floater
17:50:33 [03085D87BE651C03]	mode = std_boss_team_25122023 ID = 7316511867254827025 Param = block_itemlist.color_floater_font
17:50:33 [03085D87BE651C03]	mode = std_boss_team_25122023 ID = 7316511867254827025 Param = block_itemlist.color_floater_border
17:50:33 [03085D87BE651C03]	mode = std_boss_team_25122023 ID = 7316511867254827025 Param = block_itemlist.floater_border_width
17:50:33 [03085D87BE651C03]	mode = std_boss_team_25122023 ID = 7316511867254827025 Param = block_itemlist.color_floater_bg
17:50:33 [03085D87BE651C03]	mode = std_boss_team_25122023 ID = 7316511867254827025 Param = block_itemlist.color_floater_bg_2
17:50:33 [03085D87BE651C03]	mode = std_boss_team_25122023 ID = 7316511867254827025 Param = block_itemlist.color_floater_bg_3
17:50:33 [03085D87BE651C03]	mode = std_boss_team_25122023 ID = 7316511867254827025 Param = block_itemlist.floater_has_shadow
17:50:33 [03085D87BE651C03]	mode = std_boss_team_25122023 ID = 7316511867254827025 Param = block_itemlist.floater_on_img
17:50:33 [03085D87BE651C03]	mode = std_boss_team_25122023 ID = 7316511867254827025 Param = block_itemlist.floater_padding_left
17:50:33 [03085D87BE651C03]	mode = std_boss_team_25122023 ID = 7316511867254827025 Param = block_itemlist.floater_padding_right
17:50:33 [03085D87BE651C03]	mode = std_boss_team_25122023 ID = 7316511867254827025 Param = block_itemlist.floater_padding_top
17:50:33 [03085D87BE651C03]	mode = std_boss_team_25122023 ID = 7316511867254827025 Param = block_itemlist.floater_padding_bottom
17:50:33 [03085D87BE651C03]	mode = std_boss_team_25122023 ID = 7316511867254827025 Param = block_itemlist.floater_condition_2
17:50:33 [03085D87BE651C03]	mode = std_boss_team_25122023 ID = 7316511867254827025 Param = block_itemlist.floater_condition_3
17:50:33 [03085D87BE651C03]	mode = std_boss_team_25122023 ID = 7316511867254827025 Param = block_itemlist.floater_text_align
17:50:33 [03085D87BE651C03]	mode = std_boss_team_25122023 ID = 7316511867254827025 Param = block_itemlist.floater_hide_empty
17:50:33 [03085D87BE651C03]	mode = std_boss_team_25122023 ID = 7316511867254827025 Param = block_itemlist.color_floater_font_2
17:50:33 [03085D87BE651C03]	mode = std_boss_team_25122023 ID = 7316511867254827025 Param = block_itemlist.color_floater_font_3
17:50:33 [03085D87BE651C03]	mode = std_boss_team_25122023 ID = 7316511867254827025 Param = block_itemlist.color_floater_border_2
17:50:33 [03085D87BE651C03]	mode = std_boss_team_25122023 ID = 7316511867254827025 Param = block_itemlist.color_floater_border_3
17:50:33 [03085D87BE651C03]	mode = std_boss_team_25122023 ID = 7316511867254827025 Param = block_itemlist.deferred_loading

17:50:33 [03085D87BE651C03]	mode = std_boss_team_25122023 ID = 7316511867254827025 Param = block_itemlist.__mapping__floater_color
17:50:33 [03085D87BE651C03]	mode = std_boss_team_25122023 ID = 7316511867254827025 Param = block_itemlist.__mapping__floater_color__value
17:50:33 [03085D87BE651C03]	mode = std_boss_team_25122023 ID = 7316511867254827025 Param = block_itemlist.__mapping__floater_color_common
17:50:33 [03085D87BE651C03]	mode = std_boss_team_25122023 ID = 7316511867254827025 Param = block_itemlist.__mapping__floater_color_common__value
17:50:33 [03085D87BE651C03]	mode = std_boss_team_25122023 ID = 7316511867254827025 Param = block_itemlist.img_url_suffix
17:50:33 [03085D87BE651C03]	mode = std_boss_team_25122023 ID = 7316511867254827025 Param = block_itemlist.item_min_height
17:50:33 [03085D87BE651C03]	mode = std_boss_team_25122023 ID = 7316511867254827025 Param = block_itemlist.allow_min_height
17:50:33 [03085D87BE651C03]	mode = std_boss_team_25122023 ID = 7316511867254827025 Param = block_itemlist.allow_html
17:50:33 [03085D87BE651C03]	mode = std_boss_team_25122023 ID = 7316511867254827025 Param = iPersonID
17:50:33 [03085D87BE651C03]	ADDED VAR = 
17:50:33 [03085D87BE651C03]	mode = std_boss_team_25122023 ID = 7316511867254827025 Param = sPersonID
17:50:33 [03085D87BE651C03]	ADDED VAR = 
17:50:33 [03085D87BE651C03]	mode = std_boss_team_25122023 ID = 7316511867254827025 Param = sTypeCollaborator
17:50:33 [03085D87BE651C03]	ADDED VAR = subordinates
17:50:33 [03085D87BE651C03]	mode = std_boss_team_25122023 ID = 7316511867254827025 Param = iBossTypeIDs
17:50:33 [03085D87BE651C03]	ADDED VAR = []
17:50:33 [03085D87BE651C03]	mode = std_boss_team_25122023 ID = 7316511867254827025 Param = sBossTypeCodes
17:50:33 [03085D87BE651C03]	ADDED VAR = 
17:50:33 [03085D87BE651C03]	mode = std_boss_team_25122023 ID = 7316511867254827025 Param = iMaxCnt
17:50:33 [03085D87BE651C03]	ADDED VAR = 999
17:50:33 [03085D87BE651C03]	mode = std_boss_team_25122023 ID = 7316511867254827025 Param = bShowDismiss
17:50:33 [03085D87BE651C03]	ADDED VAR = false
17:50:33 [03085D87BE651C03]	mode = std_boss_team_25122023 ID = 7316511867254827025 Param = sSearch
17:50:33 [03085D87BE651C03]	ADDED VAR = 
17:50:33 [03085D87BE651C03]	mode = std_boss_team_25122023 ID = 7316511867254827025 Param = bAllHier
17:50:33 [03085D87BE651C03]	ADDED VAR = false
